2019-08-09 17:13:18,315 - D:/pyproject/terminal-control/Terminal.py[line:54] - INFO: 等待连接...
2019-12-07 10:53:18,765 - D:/pyproject/terminal-control/Terminal.py[line:47] - INFO: 等待连接...
2019-12-07 10:53:25,384 - D:/pyproject/terminal-control/Terminal.py[line:72] - INFO: test shutdown
2019-12-07 10:54:35,112 - D:/pyproject/terminal-control/Terminal.py[line:47] - INFO: 等待连接...
2019-12-07 10:54:39,902 - D:/pyproject/terminal-control/Terminal.py[line:72] - INFO: test shutdown
2019-12-07 10:58:26,373 - D:/pyproject/terminal-control/Terminal.py[line:47] - INFO: 等待连接...
2019-12-07 10:58:30,215 - D:/pyproject/terminal-control/Terminal.py[line:72] - INFO: test shutdown
2019-12-07 10:59:21,481 - D:/pyproject/terminal-control/Terminal.py[line:47] - INFO: 等待连接...
2019-12-07 10:59:24,734 - D:/pyproject/terminal-control/Terminal.py[line:72] - INFO: test shutdown
2019-12-07 11:05:04,482 - D:/pyproject/terminal-control/Terminal.py[line:47] - INFO: 等待连接...
2019-12-07 11:05:08,783 - D:/pyproject/terminal-control/Terminal.py[line:72] - INFO: test shutdown
2019-12-07 11:06:59,167 - D:/pyproject/terminal-control/Terminal.py[line:72] - INFO: test shutdown
2019-12-07 11:07:25,650 - D:/pyproject/terminal-control/Terminal.py[line:47] - INFO: 等待连接...
2019-12-07 11:07:32,432 - D:/pyproject/terminal-control/Terminal.py[line:72] - INFO: test shutdown
2019-12-07 11:07:47,269 - D:/pyproject/terminal-control/Terminal.py[line:47] - INFO: 等待连接...
2019-12-07 11:07:52,575 - D:/pyproject/terminal-control/Terminal.py[line:72] - INFO: test shutdown
2019-12-07 11:07:57,887 - D:/pyproject/terminal-control/Terminal.py[line:72] - INFO: test shutdown
2019-12-07 11:07:59,337 - D:/pyproject/terminal-control/Terminal.py[line:72] - INFO: test shutdown
2019-12-07 11:08:33,770 - D:/pyproject/terminal-control/Terminal.py[line:47] - INFO: 等待连接...
2019-12-07 11:08:38,231 - D:/pyproject/terminal-control/Terminal.py[line:72] - INFO: test shutdown
2019-12-07 11:15:37,127 - D:/pyproject/terminal-control/Terminal.py[line:47] - INFO: 等待连接...
2019-12-07 11:15:49,343 - D:/pyproject/terminal-control/Terminal.py[line:72] - INFO: test shutdown
2019-12-07 11:16:19,800 - D:/pyproject/terminal-control/Terminal.py[line:47] - INFO: 等待连接...
2019-12-07 11:16:23,895 - D:/pyproject/terminal-control/Terminal.py[line:72] - INFO: test shutdown
2019-12-07 11:16:45,162 - D:/pyproject/terminal-control/Terminal.py[line:47] - INFO: 等待连接...
2019-12-07 11:16:50,880 - D:/pyproject/terminal-control/Terminal.py[line:72] - INFO: test shutdown
2019-12-07 11:16:56,111 - D:/pyproject/terminal-control/Terminal.py[line:72] - INFO: test shutdown
2019-12-07 11:16:57,434 - D:/pyproject/terminal-control/Terminal.py[line:72] - INFO: test shutdown
2019-12-07 11:18:48,211 - D:/pyproject/terminal-control/Terminal.py[line:47] - INFO: 等待连接...
2019-12-07 11:18:52,408 - D:/pyproject/terminal-control/Terminal.py[line:72] - INFO: test shutdown
2019-12-07 11:18:58,608 - D:/pyproject/terminal-control/Terminal.py[line:72] - INFO: test shutdown
2019-12-07 11:19:00,632 - D:/pyproject/terminal-control/Terminal.py[line:72] - INFO: test shutdown
2019-12-07 11:19:10,306 - D:/pyproject/terminal-control/Terminal.py[line:47] - INFO: 等待连接...
2019-12-07 11:19:16,200 - D:/pyproject/terminal-control/Terminal.py[line:72] - INFO: test shutdown
2019-12-07 11:19:17,311 - D:/pyproject/terminal-control/Terminal.py[line:72] - INFO: test shutdown
2019-12-07 11:19:18,095 - D:/pyproject/terminal-control/Terminal.py[line:72] - INFO: test shutdown
2019-12-07 11:20:29,450 - D:/pyproject/terminal-control/Terminal.py[line:47] - INFO: 等待连接...
2019-12-07 11:20:32,993 - D:/pyproject/terminal-control/Terminal.py[line:72] - INFO: test shutdown
2019-12-07 11:23:43,406 - D:/pyproject/terminal-control/Terminal.py[line:47] - INFO: 等待连接...
2019-12-07 11:23:47,672 - D:/pyproject/terminal-control/Terminal.py[line:72] - INFO: test shutdown
2019-12-07 11:24:01,250 - D:/pyproject/terminal-control/Terminal.py[line:47] - INFO: 等待连接...
2019-12-07 11:24:04,904 - D:/pyproject/terminal-control/Terminal.py[line:72] - INFO: test shutdown
2019-12-07 11:29:30,315 - D:/pyproject/terminal-control/Terminal.py[line:47] - INFO: 等待连接...
2019-12-07 11:29:34,216 - D:/pyproject/terminal-control/Terminal.py[line:72] - INFO: test shutdown
2019-12-07 11:29:40,321 - D:/pyproject/terminal-control/Terminal.py[line:72] - INFO: test shutdown
2019-12-07 11:29:53,012 - D:/pyproject/terminal-control/Terminal.py[line:47] - INFO: 等待连接...
2019-12-07 11:29:57,273 - D:/pyproject/terminal-control/Terminal.py[line:72] - INFO: test shutdown
2019-12-07 11:30:19,902 - D:/pyproject/terminal-control/Terminal.py[line:47] - INFO: 等待连接...
2019-12-07 11:30:23,145 - D:/pyproject/terminal-control/Terminal.py[line:72] - INFO: test shutdown
2019-12-07 11:30:40,580 - D:/pyproject/terminal-control/Terminal.py[line:47] - INFO: 等待连接...
2019-12-07 11:30:43,016 - D:/pyproject/terminal-control/Terminal.py[line:72] - INFO: test shutdown
2019-12-07 11:31:05,779 - D:/pyproject/terminal-control/Terminal.py[line:47] - INFO: 等待连接...
2019-12-07 11:31:09,985 - D:/pyproject/terminal-control/Terminal.py[line:72] - INFO: test shutdown
2019-12-07 11:31:35,297 - D:/pyproject/terminal-control/Terminal.py[line:47] - INFO: 等待连接...
2019-12-07 11:31:39,010 - D:/pyproject/terminal-control/Terminal.py[line:72] - INFO: test shutdown
2019-12-07 11:32:09,143 - D:/pyproject/terminal-control/Terminal.py[line:47] - INFO: 等待连接...
2019-12-07 11:32:12,137 - D:/pyproject/terminal-control/Terminal.py[line:72] - INFO: test shutdown
2019-12-07 11:32:34,810 - D:/pyproject/terminal-control/Terminal.py[line:47] - INFO: 等待连接...
2019-12-07 11:32:38,561 - D:/pyproject/terminal-control/Terminal.py[line:72] - INFO: test shutdown
2019-12-07 11:33:25,945 - D:/pyproject/terminal-control/Terminal.py[line:72] - INFO: test shutdown
2019-12-07 11:35:08,433 - D:/pyproject/terminal-control/Terminal.py[line:72] - INFO: test shutdown
2019-12-07 11:35:09,496 - D:/pyproject/terminal-control/Terminal.py[line:72] - INFO: test shutdown
2019-12-07 11:35:10,121 - D:/pyproject/terminal-control/Terminal.py[line:72] - INFO: test shutdown
2019-12-07 11:35:10,793 - D:/pyproject/terminal-control/Terminal.py[line:72] - INFO: test shutdown
2019-12-07 11:35:11,865 - D:/pyproject/terminal-control/Terminal.py[line:72] - INFO: test shutdown
2019-12-07 11:35:12,201 - D:/pyproject/terminal-control/Terminal.py[line:72] - INFO: test shutdown
2019-12-07 11:35:12,401 - D:/pyproject/terminal-control/Terminal.py[line:72] - INFO: test shutdown
2019-12-07 11:35:12,586 - D:/pyproject/terminal-control/Terminal.py[line:72] - INFO: test shutdown
2019-12-07 11:35:12,768 - D:/pyproject/terminal-control/Terminal.py[line:72] - INFO: test shutdown
2019-12-07 11:35:12,937 - D:/pyproject/terminal-control/Terminal.py[line:72] - INFO: test shutdown
2019-12-07 11:35:13,121 - D:/pyproject/terminal-control/Terminal.py[line:72] - INFO: test shutdown
2019-12-07 11:35:13,306 - D:/pyproject/terminal-control/Terminal.py[line:72] - INFO: test shutdown
2019-12-07 11:35:13,457 - D:/pyproject/terminal-control/Terminal.py[line:72] - INFO: test shutdown
2019-12-07 11:35:13,641 - D:/pyproject/terminal-control/Terminal.py[line:72] - INFO: test shutdown
2019-12-07 11:35:13,801 - D:/pyproject/terminal-control/Terminal.py[line:72] - INFO: test shutdown
2019-12-07 11:35:13,984 - D:/pyproject/terminal-control/Terminal.py[line:72] - INFO: test shutdown
2019-12-07 11:35:14,168 - D:/pyproject/terminal-control/Terminal.py[line:72] - INFO: test shutdown
2019-12-07 11:35:14,513 - D:/pyproject/terminal-control/Terminal.py[line:72] - INFO: test shutdown
2019-12-07 11:35:14,697 - D:/pyproject/terminal-control/Terminal.py[line:72] - INFO: test shutdown
2019-12-07 11:35:14,882 - D:/pyproject/terminal-control/Terminal.py[line:72] - INFO: test shutdown
2019-12-07 11:35:15,057 - D:/pyproject/terminal-control/Terminal.py[line:72] - INFO: test shutdown
2019-12-07 11:35:20,681 - D:/pyproject/terminal-control/Terminal.py[line:72] - INFO: test shutdown
2019-12-07 11:35:23,288 - D:/pyproject/terminal-control/Terminal.py[line:72] - INFO: test shutdown
2019-12-07 11:35:24,753 - D:/pyproject/terminal-control/Terminal.py[line:72] - INFO: test shutdown
2019-12-07 15:26:13,079 - D:/pyproject/terminal-control/Terminal.py[line:48] - INFO: 等待连接...
2019-12-07 15:29:12,574 - D:/pyproject/terminal-control/Terminal.py[line:48] - INFO: 等待连接...
2019-12-07 15:29:22,969 - D:/pyproject/terminal-control/Terminal.py[line:55] - INFO: 连接地址： ('192.168.1.146', 60552)
2019-12-07 15:30:26,780 - D:/pyproject/terminal-control/Terminal.py[line:48] - INFO: 等待连接...
2019-12-07 15:30:32,977 - D:/pyproject/terminal-control/Terminal.py[line:55] - INFO: 连接地址： ('192.168.1.146', 60703)
2019-12-07 15:31:12,537 - D:/pyproject/terminal-control/Terminal.py[line:48] - INFO: 等待连接...
2019-12-07 15:31:16,330 - D:/pyproject/terminal-control/Terminal.py[line:55] - INFO: 连接地址： ('192.168.1.146', 60796)
2019-12-07 15:32:18,890 - D:/pyproject/terminal-control/Terminal.py[line:55] - INFO: 连接地址： ('192.168.1.146', 60922)
2019-12-07 15:32:18,890 - D:/pyproject/terminal-control/Terminal.py[line:64] - INFO: 收到命令:{"type":"cmd","data":"shutdown -s -t 00"}
2019-12-07 15:32:53,874 - D:/pyproject/terminal-control/Terminal.py[line:48] - INFO: 等待连接...
2019-12-07 15:32:59,282 - D:/pyproject/terminal-control/Terminal.py[line:55] - INFO: 连接地址： ('192.168.1.146', 61007)
2019-12-07 15:32:59,282 - D:/pyproject/terminal-control/Terminal.py[line:64] - INFO: 收到命令:{"type":"cmd","data":"shutdown -s -t 00"}
2019-12-07 16:05:19,460 - D:/pyproject/terminal-control/Terminal.py[line:49] - INFO: 等待连接...
2019-12-07 16:08:35,194 - D:/pyproject/terminal-control/Terminal.py[line:51] - INFO: 等待连接...
2019-12-07 16:14:00,292 - D:/pyproject/terminal-control/Terminal.py[line:53] - INFO: 等待连接...
2019-12-07 16:16:39,330 - D:/pyproject/terminal-control/Terminal.py[line:54] - INFO: 等待连接...
2019-12-07 16:17:24,717 - D:/pyproject/terminal-control/Terminal.py[line:54] - INFO: 等待连接...
2019-12-20 19:26:30,563 - D:/pyproject/terminal-control/Terminal.py[line:95] - INFO: 等待连接...
2019-12-20 19:26:59,091 - D:/pyproject/terminal-control/Terminal.py[line:38] - INFO: udp监听启动
2019-12-20 19:26:59,093 - D:/pyproject/terminal-control/Terminal.py[line:98] - INFO: 等待连接...
2019-12-20 21:11:55,806 - D:/pyproject/terminal-control/Terminal.py[line:38] - INFO: udp监听启动
2019-12-20 21:11:55,808 - D:/pyproject/terminal-control/Terminal.py[line:98] - INFO: 等待连接...
2019-12-20 21:13:52,481 - D:/pyproject/terminal-control/Terminal.py[line:38] - INFO: udp监听启动
2019-12-20 21:13:52,483 - D:/pyproject/terminal-control/Terminal.py[line:98] - INFO: 等待连接...
2019-12-20 21:32:09,682 - D:/pyproject/terminal-control/Terminal.py[line:98] - INFO: 等待连接...
